<?xml version="1.0" encoding="UTF-8"?>
<!-- Generated by org.testng.reporters.JUnitXMLReporter -->
<testsuite ignored="0" hostname="DESKTOP-NO67EK8" failures="0" tests="2" name="Default test" time="22.627" errors="0" timestamp="29 Sep 2022 14:44:10 GMT">
  <testcase classname="PracticeECommerseAutomation.tests.StandAloneAbstractComponeneTest" name="submitOrder" time="10.891"/>
  <testcase classname="PracticeECommerseAutomation.tests.StandAloneAbstractComponeneTest" name="verifyOrderPresent" time="1.122"/>
</testsuite> <!-- Default test -->
