<?xml version="1.0" encoding="UTF-8"?>
<!-- Generated by org.testng.reporters.JUnitXMLReporter -->
<testsuite ignored="0" hostname="DESKTOP-NO67EK8" failures="0" tests="6" name="Submit Order Test" time="98.926" errors="0" timestamp="05 Dec 2022 15:07:31 GMT">
  <testcase classname="PracticeECommerseAutomation.tests.StandAloneAbstractComponeneTest" name="submitOrder" time="11.043"/>
  <testcase classname="PracticeECommerseAutomation.tests.StandAloneAbstractComponeneTest" name="submitOrder" time="3.621">
    <skipped/>
  </testcase> <!-- submitOrder -->
  <testcase classname="PracticeECommerseAutomation.tests.StandAloneAbstractComponeneTest" name="submitOrder" time="11.604">
    <skipped/>
  </testcase> <!-- submitOrder -->
  <testcase classname="PracticeECommerseAutomation.tests.StandAloneAbstractComponeneTest" name="submitOrder" time="2.443">
    <skipped/>
  </testcase> <!-- submitOrder -->
  <testcase classname="PracticeECommerseAutomation.tests.StandAloneAbstractComponeneTest" name="submitOrder" time="4.443"/>
  <testcase classname="PracticeECommerseAutomation.tests.StandAloneAbstractComponeneTest" name="verifyOrderPresent" time="0.0">
    <skipped/>
  </testcase> <!-- verifyOrderPresent -->
</testsuite> <!-- Submit Order Test -->
